[1205/213639.646:ERROR:process_reader_win.cc(123)] NtOpenThread: {Access Denied} A process has requested access to an object, but has not been granted those access rights. (0xc0000022)
[1205/213639.646:ERROR:exception_snapshot_win.cc(98)] thread ID 2836 not found in process
[1206/120626.373:ERROR:process_reader_win.cc(123)] NtOpenThread: {Access Denied} A process has requested access to an object, but has not been granted those access rights. (0xc0000022)
[1206/120626.375:ERROR:exception_snapshot_win.cc(98)] thread ID 16260 not found in process
[1206/124614.581:ERROR:process_reader_win.cc(123)] NtOpenThread: {Access Denied} A process has requested access to an object, but has not been granted those access rights. (0xc0000022)
[1206/124614.582:ERROR:exception_snapshot_win.cc(98)] thread ID 7756 not found in process
[1206/124614.676:ERROR:process_reader_win.cc(123)] NtOpenThread: {Access Denied} A process has requested access to an object, but has not been granted those access rights. (0xc0000022)
[1206/124614.677:ERROR:exception_snapshot_win.cc(98)] thread ID 5956 not found in process
[1206/124614.780:ERROR:process_reader_win.cc(123)] NtOpenThread: {Access Denied} A process has requested access to an object, but has not been granted those access rights. (0xc0000022)
[1206/124614.781:ERROR:exception_snapshot_win.cc(98)] thread ID 13864 not found in process
[1206/124614.887:ERROR:process_reader_win.cc(123)] NtOpenThread: {Access Denied} A process has requested access to an object, but has not been granted those access rights. (0xc0000022)
[1206/124614.888:ERROR:exception_snapshot_win.cc(98)] thread ID 3788 not found in process
[1206/171533.039:ERROR:process_reader_win.cc(123)] NtOpenThread: {Access Denied} A process has requested access to an object, but has not been granted those access rights. (0xc0000022)
[1206/171533.041:ERROR:exception_snapshot_win.cc(98)] thread ID 17596 not found in process
[1206/171533.204:ERROR:process_reader_win.cc(123)] NtOpenThread: {Access Denied} A process has requested access to an object, but has not been granted those access rights. (0xc0000022)
[1206/171533.205:ERROR:exception_snapshot_win.cc(98)] thread ID 11624 not found in process
[1206/202648.939:ERROR:process_reader_win.cc(123)] NtOpenThread: {Access Denied} A process has requested access to an object, but has not been granted those access rights. (0xc0000022)
[1206/202648.941:ERROR:exception_snapshot_win.cc(98)] thread ID 22492 not found in process
[1207/181355.263:ERROR:process_reader_win.cc(123)] NtOpenThread: {Access Denied} A process has requested access to an object, but has not been granted those access rights. (0xc0000022)
[1207/181355.267:ERROR:exception_snapshot_win.cc(98)] thread ID 13120 not found in process
[1207/220541.695:ERROR:process_reader_win.cc(123)] NtOpenThread: {Access Denied} A process has requested access to an object, but has not been granted those access rights. (0xc0000022)
[1207/220541.697:ERROR:exception_snapshot_win.cc(98)] thread ID 8588 not found in process
[1207/221117.646:ERROR:process_reader_win.cc(123)] NtOpenThread: {Access Denied} A process has requested access to an object, but has not been granted those access rights. (0xc0000022)
[1207/221117.647:ERROR:exception_snapshot_win.cc(98)] thread ID 6504 not found in process
[1207/221117.762:ERROR:process_reader_win.cc(123)] NtOpenThread: {Access Denied} A process has requested access to an object, but has not been granted those access rights. (0xc0000022)
[1207/221117.763:ERROR:exception_snapshot_win.cc(98)] thread ID 7900 not found in process
[1208/002154.648:ERROR:process_reader_win.cc(123)] NtOpenThread: {Access Denied} A process has requested access to an object, but has not been granted those access rights. (0xc0000022)
[1208/002154.648:ERROR:exception_snapshot_win.cc(98)] thread ID 3036 not found in process
[1208/004238.762:ERROR:process_reader_win.cc(123)] NtOpenThread: {Access Denied} A process has requested access to an object, but has not been granted those access rights. (0xc0000022)
[1208/004238.762:ERROR:exception_snapshot_win.cc(98)] thread ID 7804 not found in process
[1208/004238.930:ERROR:process_reader_win.cc(123)] NtOpenThread: {Access Denied} A process has requested access to an object, but has not been granted those access rights. (0xc0000022)
[1208/004238.938:ERROR:exception_snapshot_win.cc(98)] thread ID 8268 not found in process
[1208/004508.618:ERROR:process_reader_win.cc(123)] NtOpenThread: {Access Denied} A process has requested access to an object, but has not been granted those access rights. (0xc0000022)
[1208/004508.620:ERROR:exception_snapshot_win.cc(98)] thread ID 16180 not found in process
[1208/104946.251:ERROR:process_reader_win.cc(123)] NtOpenThread: {Access Denied} A process has requested access to an object, but has not been granted those access rights. (0xc0000022)
[1208/104946.253:ERROR:exception_snapshot_win.cc(98)] thread ID 3156 not found in process
[1208/104946.488:ERROR:process_reader_win.cc(123)] NtOpenThread: {Access Denied} A process has requested access to an object, but has not been granted those access rights. (0xc0000022)
[1208/104946.492:ERROR:exception_snapshot_win.cc(98)] thread ID 10288 not found in process
[1208/122134.259:ERROR:process_reader_win.cc(123)] NtOpenThread: {Access Denied} A process has requested access to an object, but has not been granted those access rights. (0xc0000022)
[1208/122134.260:ERROR:exception_snapshot_win.cc(98)] thread ID 1628 not found in process
[1208/125858.775:ERROR:process_reader_win.cc(123)] NtOpenThread: {Access Denied} A process has requested access to an object, but has not been granted those access rights. (0xc0000022)
[1208/125858.776:ERROR:exception_snapshot_win.cc(98)] thread ID 15720 not found in process
[1208/201043.786:ERROR:process_reader_win.cc(182)] ResumeThread: The parameter is incorrect. (0x57)
[1208/201043.786:ERROR:process_reader_win.cc(151)] SuspendThread: Access is denied. (0x5)
[1208/201043.786:ERROR:process_reader_win.cc(151)] SuspendThread: Access is denied. (0x5)
[1208/201043.786:ERROR:process_reader_win.cc(151)] SuspendThread: Access is denied. (0x5)
[1208/201043.786:ERROR:process_reader_win.cc(151)] SuspendThread: Access is denied. (0x5)
[1208/201043.786:ERROR:process_reader_win.cc(151)] SuspendThread: Access is denied. (0x5)
[1208/201043.786:ERROR:process_reader_win.cc(151)] SuspendThread: Access is denied. (0x5)
[1208/201043.786:ERROR:process_reader_win.cc(151)] SuspendThread: Access is denied. (0x5)
[1208/201043.786:ERROR:process_reader_win.cc(151)] SuspendThread: Access is denied. (0x5)
[1208/201043.786:ERROR:process_reader_win.cc(151)] SuspendThread: Access is denied. (0x5)
[1208/201043.786:ERROR:process_reader_win.cc(151)] SuspendThread: Access is denied. (0x5)
[1208/201043.786:ERROR:process_reader_win.cc(151)] SuspendThread: Access is denied. (0x5)
[1208/201043.786:ERROR:process_reader_win.cc(151)] SuspendThread: Access is denied. (0x5)
[1208/201043.786:ERROR:process_reader_win.cc(151)] SuspendThread: Access is denied. (0x5)
[1208/201043.790:ERROR:process_memory_win.cc(73)] ReadMemory at 0x28e56a05760 of 132 bytes failed: Only part of a ReadProcessMemory or WriteProcessMemory request was completed. (0x12B)
[1208/201043.790:ERROR:process_memory_win.cc(73)] ReadMemory at 0x28e56a03fa0 of 1012 bytes failed: Only part of a ReadProcessMemory or WriteProcessMemory request was completed. (0x12B)
[1208/201043.790:ERROR:process_snapshot_win.cc(420)] ReadMemory RTL_USER_PROCESS_PARAMETERS
[1208/201043.794:ERROR:process_memory_win.cc(73)] ReadMemory at 0x28e56dd0000 of 64 bytes failed: Only part of a ReadProcessMemory or WriteProcessMemory request was completed. (0x12B)
[1208/201043.794:WARNING:pe_image_reader.cc(340)] could not read dos header from C:\WINDOWS\System32\shcore.dll
[1208/201043.794:ERROR:process_memory_win.cc(73)] ReadMemory at 0x28e56dd0000 of 64 bytes failed: Only part of a ReadProcessMemory or WriteProcessMemory request was completed. (0x12B)
[1208/201043.794:WARNING:pe_image_reader.cc(340)] could not read dos header from C:\WINDOWS\System32\shcore.dll
[1208/201043.794:ERROR:process_memory_win.cc(73)] ReadMemory at 0x28e56a168e0 of 6656 bytes failed: Only part of a ReadProcessMemory or WriteProcessMemory request was completed. (0x12B)
[1208/201043.794:ERROR:process_snapshot_win.cc(322)] failed to read unloaded module data
[1208/201043.806:ERROR:process_memory_win.cc(73)] ReadMemory at 0x28e56dd0000 of 64 bytes failed: Only part of a ReadProcessMemory or WriteProcessMemory request was completed. (0x12B)
[1208/201043.806:WARNING:pe_image_reader.cc(340)] could not read dos header from C:\WINDOWS\System32\shcore.dll
[1208/201043.806:ERROR:process_memory_win.cc(73)] ReadMemory at 0x28e568e3890 of 72 bytes failed: Only part of a ReadProcessMemory or WriteProcessMemory request was completed. (0x12B)
[1208/201043.806:WARNING:pe_image_annotations_reader.cc(134)] could not read annotations list object in C:\Program Files (x86)\Google\Chrome\Application\78.0.3904.108\chrome_elf.dll
[1208/201043.806:ERROR:process_memory_win.cc(73)] ReadMemory at 0x28e56e87a70 of 72 bytes failed: Only part of a ReadProcessMemory or WriteProcessMemory request was completed. (0x12B)
[1208/201043.806:WARNING:pe_image_annotations_reader.cc(134)] could not read annotations list object in C:\Program Files (x86)\Google\Chrome\Application\78.0.3904.108\chrome_child.dll
[1208/201043.810:ERROR:process_memory_win.cc(73)] ReadMemory at 0x28e56dd0000 of 64 bytes failed: Only part of a ReadProcessMemory or WriteProcessMemory request was completed. (0x12B)
[1208/201043.810:WARNING:pe_image_reader.cc(340)] could not read dos header from C:\WINDOWS\System32\shcore.dll
[1208/201043.810:ERROR:process_memory_win.cc(73)] ReadMemory at 0x28e56dd0000 of 64 bytes failed: Only part of a ReadProcessMemory or WriteProcessMemory request was completed. (0x12B)
[1208/201043.810:WARNING:pe_image_reader.cc(340)] could not read dos header from C:\WINDOWS\System32\shcore.dll
[1208/201043.898:ERROR:process_memory_win.cc(73)] ReadMemory at 0x7ff7c6620000 of 64 bytes failed: Only part of a ReadProcessMemory or WriteProcessMemory request was completed. (0x12B)
[1208/201043.898:WARNING:pe_image_reader.cc(340)] could not read dos header from C:\Program Files (x86)\Google\Chrome\Application\chrome.exe
[1208/201043.898:ERROR:process_memory_win.cc(73)] ReadMemory at 0x7ffeb07c0000 of 64 bytes failed: Only part of a ReadProcessMemory or WriteProcessMemory request was completed. (0x12B)
[1208/201043.898:WARNING:pe_image_reader.cc(340)] could not read dos header from C:\WINDOWS\SYSTEM32\ntdll.dll
[1208/201043.898:ERROR:process_memory_win.cc(73)] ReadMemory at 0x7ffeafc80000 of 64 bytes failed: Only part of a ReadProcessMemory or WriteProcessMemory request was completed. (0x12B)
[1208/201043.898:WARNING:pe_image_reader.cc(340)] could not read dos header from C:\WINDOWS\System32\KERNEL32.DLL
[1208/201043.898:ERROR:process_memory_win.cc(73)] ReadMemory at 0x7ffeae2a0000 of 64 bytes failed: Only part of a ReadProcessMemory or WriteProcessMemory request was completed. (0x12B)
[1208/201043.898:WARNING:pe_image_reader.cc(340)] could not read dos header from C:\WINDOWS\System32\KERNELBASE.dll
[1208/201043.898:ERROR:process_memory_win.cc(73)] ReadMemory at 0x7ffe9de00000 of 64 bytes failed: Only part of a ReadProcessMemory or WriteProcessMemory request was completed. (0x12B)
[1208/201043.898:WARNING:pe_image_reader.cc(340)] could not read dos header from C:\Program Files (x86)\Google\Chrome\Application\78.0.3904.108\chrome_elf.dll
[1208/201043.898:ERROR:process_memory_win.cc(73)] ReadMemory at 0x7ffea6530000 of 64 bytes failed: Only part of a ReadProcessMemory or WriteProcessMemory request was completed. (0x12B)
[1208/201043.898:WARNING:pe_image_reader.cc(340)] could not read dos header from C:\WINDOWS\SYSTEM32\VERSION.dll
[1208/201043.898:ERROR:process_memory_win.cc(73)] ReadMemory at 0x7ffeaeea0000 of 64 bytes failed: Only part of a ReadProcessMemory or WriteProcessMemory request was completed. (0x12B)
[1208/201043.898:WARNING:pe_image_reader.cc(340)] could not read dos header from C:\WINDOWS\System32\msvcrt.dll
[1208/201043.898:ERROR:process_memory_win.cc(73)] ReadMemory at 0x7ffeae1d0000 of 64 bytes failed: Only part of a ReadProcessMemory or WriteProcessMemory request was completed. (0x12B)
[1208/201043.898:WARNING:pe_image_reader.cc(340)] could not read dos header from C:\WINDOWS\System32\bcryptPrimitives.dll
[1208/201043.898:ERROR:process_memory_win.cc(73)] ReadMemory at 0x7ffeaf090000 of 64 bytes failed: Only part of a ReadProcessMemory or WriteProcessMemory request was completed. (0x12B)
[1208/201043.898:WARNING:pe_image_reader.cc(340)] could not read dos header from C:\WINDOWS\System32\ADVAPI32.dll
[1208/201043.898:ERROR:process_memory_win.cc(73)] ReadMemory at 0x7ffeaedf0000 of 64 bytes failed: Only part of a ReadProcessMemory or WriteProcessMemory request was completed. (0x12B)
[1208/201043.898:WARNING:pe_image_reader.cc(340)] could not read dos header from C:\WINDOWS\System32\sechost.dll
[1208/201043.898:ERROR:process_memory_win.cc(73)] ReadMemory at 0x7ffeb0660000 of 64 bytes failed: Only part of a ReadProcessMemory or WriteProcessMemory request was completed. (0x12B)
[1208/201043.898:WARNING:pe_image_reader.cc(340)] could not read dos header from C:\WINDOWS\System32\RPCRT4.dll
[1208/201043.898:ERROR:process_memory_win.cc(73)] ReadMemory at 0x7ffe524a0000 of 64 bytes failed: Only part of a ReadProcessMemory or WriteProcessMemory request was completed. (0x12B)
[1208/201043.898:WARNING:pe_image_reader.cc(340)] could not read dos header from C:\Program Files (x86)\Google\Chrome\Application\78.0.3904.108\chrome_child.dll
[1208/201043.898:ERROR:process_memory_win.cc(73)] ReadMemory at 0x7ffeaf740000 of 64 bytes failed: Only part of a ReadProcessMemory or WriteProcessMemory request was completed. (0x12B)
[1208/201043.898:WARNING:pe_image_reader.cc(340)] could not read dos header from C:\WINDOWS\System32\OLEAUT32.dll
[1208/201043.902:ERROR:process_memory_win.cc(73)] ReadMemory at 0x7ffeae6f0000 of 64 bytes failed: Only part of a ReadProcessMemory or WriteProcessMemory request was completed. (0x12B)
[1208/201043.902:WARNING:pe_image_reader.cc(340)] could not read dos header from C:\WINDOWS\System32\msvcp_win.dll
[1208/201043.902:ERROR:process_memory_win.cc(73)] ReadMemory at 0x7ffeae070000 of 64 bytes failed: Only part of a ReadProcessMemory or WriteProcessMemory request was completed. (0x12B)
[1208/201043.902:WARNING:pe_image_reader.cc(340)] could not read dos header from C:\WINDOWS\System32\ucrtbase.dll
[1208/201043.902:ERROR:process_memory_win.cc(73)] ReadMemory at 0x7ffeae950000 of 64 bytes failed: Only part of a ReadProcessMemory or WriteProcessMemory request was completed. (0x12B)
[1208/201043.902:WARNING:pe_image_reader.cc(340)] could not read dos header from C:\WINDOWS\System32\combase.dll
[1208/201043.902:ERROR:process_memory_win.cc(73)] ReadMemory at 0x7ffeaf140000 of 64 bytes failed: Only part of a ReadProcessMemory or WriteProcessMemory request was completed. (0x12B)
[1208/201043.902:WARNING:pe_image_reader.cc(340)] could not read dos header from C:\WINDOWS\System32\WS2_32.dll
[1208/201043.902:ERROR:process_memory_win.cc(73)] ReadMemory at 0x7ffeae170000 of 64 bytes failed: Only part of a ReadProcessMemory or WriteProcessMemory request was completed. (0x12B)
[1208/201043.902:WARNING:pe_image_reader.cc(340)] could not read dos header from C:\WINDOWS\System32\WINTRUST.dll
[1208/201043.902:ERROR:process_memory_win.cc(73)] ReadMemory at 0x7ffead730000 of 64 bytes failed: Only part of a ReadProcessMemory or WriteProcessMemory request was completed. (0x12B)
[1208/201043.902:WARNING:pe_image_reader.cc(340)] could not read dos header from C:\WINDOWS\System32\MSASN1.dll
[1208/201043.902:ERROR:process_memory_win.cc(73)] ReadMemory at 0x7ffead750000 of 64 bytes failed: Only part of a ReadProcessMemory or WriteProcessMemory request was completed. (0x12B)
[1208/201043.902:WARNING:pe_image_reader.cc(340)] could not read dos header from C:\WINDOWS\System32\CRYPT32.dll
[1208/201043.902:ERROR:process_memory_win.cc(73)] ReadMemory at 0x7ffeacbb0000 of 64 bytes failed: Only part of a ReadProcessMemory or WriteProcessMemory request was completed. (0x12B)
[1208/201043.902:WARNING:pe_image_reader.cc(340)] could not read dos header from C:\WINDOWS\SYSTEM32\IPHLPAPI.DLL
[1208/201043.902:ERROR:process_memory_win.cc(73)] ReadMemory at 0x7ffea0c10000 of 64 bytes failed: Only part of a ReadProcessMemory or WriteProcessMemory request was completed. (0x12B)
[1208/201043.902:WARNING:pe_image_reader.cc(340)] could not read dos header from C:\WINDOWS\SYSTEM32\WINMM.dll
[1208/201043.902:ERROR:process_memory_win.cc(73)] ReadMemory at 0x7ffead5b0000 of 64 bytes failed: Only part of a ReadProcessMemory or WriteProcessMemory request was completed. (0x12B)
[1208/201043.902:WARNING:pe_image_reader.cc(340)] could not read dos header from C:\WINDOWS\SYSTEM32\USERENV.dll
[1208/201043.902:ERROR:process_memory_win.cc(73)] ReadMemory at 0x7ffead710000 of 64 bytes failed: Only part of a ReadProcessMemory or WriteProcessMemory request was completed. (0x12B)
[1208/201043.902:WARNING:pe_image_reader.cc(340)] could not read dos header from C:\WINDOWS\System32\profapi.dll
[1208/201043.902:ERROR:process_memory_win.cc(73)] ReadMemory at 0x7ffe91140000 of 64 bytes failed: Only part of a ReadProcessMemory or WriteProcessMemory request was completed. (0x12B)
[1208/201043.902:WARNING:pe_image_reader.cc(340)] could not read dos header from C:\WINDOWS\SYSTEM32\DWrite.dll
[1208/201043.902:ERROR:process_memory_win.cc(73)] ReadMemory at 0x7ffe9a860000 of 64 bytes failed: Only part of a ReadProcessMemory or WriteProcessMemory request was completed. (0x12B)
[1208/201043.902:WARNING:pe_image_reader.cc(340)] could not read dos header from C:\WINDOWS\SYSTEM32\WINSPOOL.DRV
[1208/201043.902:ERROR:process_memory_win.cc(73)] ReadMemory at 0x7ffead6a0000 of 64 bytes failed: Only part of a ReadProcessMemory or WriteProcessMemory request was completed. (0x12B)
[1208/201043.902:WARNING:pe_image_reader.cc(340)] could not read dos header from C:\WINDOWS\System32\kernel.appcore.dll
[1208/201043.902:ERROR:process_memory_win.cc(73)] ReadMemory at 0x7ffeae840000 of 64 bytes failed: Only part of a ReadProcessMemory or WriteProcessMemory request was completed. (0x12B)
[1208/201043.902:WARNING:pe_image_reader.cc(340)] could not read dos header from C:\WINDOWS\System32\bcrypt.dll
[1208/201043.902:ERROR:process_memory_win.cc(73)] ReadMemory at 0x7ffea2f50000 of 64 bytes failed: Only part of a ReadProcessMemory or WriteProcessMemory request was completed. (0x12B)
[1208/201043.902:WARNING:pe_image_reader.cc(340)] could not read dos header from C:\WINDOWS\SYSTEM32\dbghelp.dll
[1208/201043.902:ERROR:process_memory_win.cc(73)] ReadMemory at 0x7ffea2380000 of 64 bytes failed: Only part of a ReadProcessMemory or WriteProcessMemory request was completed. (0x12B)
[1208/201043.902:WARNING:pe_image_reader.cc(340)] could not read dos header from C:\WINDOWS\SYSTEM32\Secur32.dll
[1208/201043.902:ERROR:process_memory_win.cc(73)] ReadMemory at 0x7ffea6400000 of 64 bytes failed: Only part of a ReadProcessMemory or WriteProcessMemory request was completed. (0x12B)
[1208/201043.902:WARNING:pe_image_reader.cc(340)] could not read dos header from C:\WINDOWS\SYSTEM32\WINHTTP.dll
[1208/201043.902:ERROR:process_memory_win.cc(73)] ReadMemory at 0x7ffea6cc0000 of 64 bytes failed: Only part of a ReadProcessMemory or WriteProcessMemory request was completed. (0x12B)
[1208/201043.902:WARNING:pe_image_reader.cc(340)] could not read dos header from C:\WINDOWS\SYSTEM32\dhcpcsvc.DLL
[1208/201043.902:ERROR:process_memory_win.cc(73)] ReadMemory at 0x7ffeaef40000 of 64 bytes failed: Only part of a ReadProcessMemory or WriteProcessMemory request was completed. (0x12B)
[1208/201043.902:WARNING:pe_image_reader.cc(340)] could not read dos header from C:\WINDOWS\System32\NSI.dll
[1208/201043.902:ERROR:process_memory_win.cc(73)] ReadMemory at 0x7ffea3b80000 of 64 bytes failed: Only part of a ReadProcessMemory or WriteProcessMemory request was completed. (0x12B)
[1208/201043.902:WARNING:pe_image_reader.cc(340)] could not read dos header from C:\WINDOWS\SYSTEM32\WINMMBASE.dll
[1208/201043.906:ERROR:process_memory_win.cc(73)] ReadMemory at 0x7ffeae250000 of 64 bytes failed: Only part of a ReadProcessMemory or WriteProcessMemory request was completed. (0x12B)
[1208/201043.906:WARNING:pe_image_reader.cc(340)] could not read dos header from C:\WINDOWS\System32\cfgmgr32.dll
[1208/201043.906:ERROR:process_memory_win.cc(73)] ReadMemory at 0x7ffea9f60000 of 64 bytes failed: Only part of a ReadProcessMemory or WriteProcessMemory request was completed. (0x12B)
[1208/201043.906:WARNING:pe_image_reader.cc(340)] could not read dos header from C:\WINDOWS\SYSTEM32\PROPSYS.dll
[1208/201043.906:ERROR:process_memory_win.cc(73)] ReadMemory at 0x28e56dd0000 of 64 bytes failed: Only part of a ReadProcessMemory or WriteProcessMemory request was completed. (0x12B)
[1208/201043.906:WARNING:pe_image_reader.cc(340)] could not read dos header from C:\WINDOWS\System32\shcore.dll
[1208/201043.906:ERROR:process_memory_win.cc(73)] ReadMemory at 0x7ffead580000 of 64 bytes failed: Only part of a ReadProcessMemory or WriteProcessMemory request was completed. (0x12B)
[1208/201043.906:WARNING:pe_image_reader.cc(340)] could not read dos header from C:\WINDOWS\SYSTEM32\SSPICLI.DLL
[1208/201043.906:ERROR:process_memory_win.cc(73)] ReadMemory at 0x7ffeafec0000 of 64 bytes failed: Only part of a ReadProcessMemory or WriteProcessMemory request was completed. (0x12B)
[1208/201043.906:WARNING:pe_image_reader.cc(340)] could not read dos header from C:\WINDOWS\System32\SHELL32.dll
[1208/201043.906:ERROR:process_memory_win.cc(73)] ReadMemory at 0x7ffead8f0000 of 64 bytes failed: Only part of a ReadProcessMemory or WriteProcessMemory request was completed. (0x12B)
[1208/201043.906:WARNING:pe_image_reader.cc(340)] could not read dos header from C:\WINDOWS\System32\windows.storage.dll
[1208/201043.906:ERROR:process_memory_win.cc(73)] ReadMemory at 0x7ffead6c0000 of 64 bytes failed: Only part of a ReadProcessMemory or WriteProcessMemory request was completed. (0x12B)
[1208/201043.906:WARNING:pe_image_reader.cc(340)] could not read dos header from C:\WINDOWS\System32\powrprof.dll
[1208/201043.906:ERROR:process_memory_win.cc(73)] ReadMemory at 0x7ffead690000 of 64 bytes failed: Only part of a ReadProcessMemory or WriteProcessMemory request was completed. (0x12B)
[1208/201043.906:WARNING:pe_image_reader.cc(340)] could not read dos header from C:\WINDOWS\System32\UMPDC.dll
[1208/201043.906:ERROR:process_memory_win.cc(73)] ReadMemory at 0x7ffeaf030000 of 64 bytes failed: Only part of a ReadProcessMemory or WriteProcessMemory request was completed. (0x12B)
[1208/201043.906:WARNING:pe_image_reader.cc(340)] could not read dos header from C:\WINDOWS\System32\shlwapi.dll
[1208/201043.906:ERROR:process_memory_win.cc(73)] ReadMemory at 0x7ffeb0630000 of 64 bytes failed: Only part of a ReadProcessMemory or WriteProcessMemory request was completed. (0x12B)
[1208/201043.906:WARNING:pe_image_reader.cc(340)] could not read dos header from C:\WINDOWS\System32\GDI32.dll
[1208/201043.906:ERROR:process_memory_win.cc(73)] ReadMemory at 0x7ffead8a0000 of 64 bytes failed: Only part of a ReadProcessMemory or WriteProcessMemory request was completed. (0x12B)
[1208/201043.906:WARNING:pe_image_reader.cc(340)] could not read dos header from C:\WINDOWS\System32\win32u.dll
[1208/201043.906:ERROR:process_memory_win.cc(73)] ReadMemory at 0x7ffeae550000 of 64 bytes failed: Only part of a ReadProcessMemory or WriteProcessMemory request was completed. (0x12B)
[1208/201043.906:WARNING:pe_image_reader.cc(340)] could not read dos header from C:\WINDOWS\System32\gdi32full.dll
[1208/201043.906:ERROR:process_memory_win.cc(73)] ReadMemory at 0x7ffeaf1b0000 of 64 bytes failed: Only part of a ReadProcessMemory or WriteProcessMemory request was completed. (0x12B)
[1208/201043.906:WARNING:pe_image_reader.cc(340)] could not read dos header from C:\WINDOWS\System32\USER32.dll
[1208/201043.906:ERROR:process_memory_win.cc(73)] ReadMemory at 0x7ffead8d0000 of 64 bytes failed: Only part of a ReadProcessMemory or WriteProcessMemory request was completed. (0x12B)
[1208/201043.906:WARNING:pe_image_reader.cc(340)] could not read dos header from C:\WINDOWS\System32\cryptsp.dll
[1208/201043.906:ERROR:process_memory_win.cc(73)] ReadMemory at 0x7ffeaef50000 of 64 bytes failed: Only part of a ReadProcessMemory or WriteProcessMemory request was completed. (0x12B)
[1208/201043.906:WARNING:pe_image_reader.cc(340)] could not read dos header from C:\WINDOWS\System32\IMM32.DLL
[1208/201043.906:ERROR:process_memory_win.cc(73)] ReadMemory at 0x7ffead070000 of 64 bytes failed: Only part of a ReadProcessMemory or WriteProcessMemory request was completed. (0x12B)
[1208/201043.906:WARNING:pe_image_reader.cc(340)] could not read dos header from C:\WINDOWS\SYSTEM32\CRYPTBASE.DLL
[1208/201043.906:ERROR:process_memory_win.cc(73)] ReadMemory at 0x7ff7c6620000 of 64 bytes failed: Only part of a ReadProcessMemory or WriteProcessMemory request was completed. (0x12B)
[1208/201043.906:WARNING:pe_image_reader.cc(340)] could not read dos header from C:\Program Files (x86)\Google\Chrome\Application\chrome.exe
[1208/201043.906:ERROR:process_memory_win.cc(73)] ReadMemory at 0x7ffeb07c0000 of 64 bytes failed: Only part of a ReadProcessMemory or WriteProcessMemory request was completed. (0x12B)
[1208/201043.906:WARNING:pe_image_reader.cc(340)] could not read dos header from C:\WINDOWS\SYSTEM32\ntdll.dll
[1208/201043.906:ERROR:process_memory_win.cc(73)] ReadMemory at 0x7ffeafc80000 of 64 bytes failed: Only part of a ReadProcessMemory or WriteProcessMemory request was completed. (0x12B)
[1208/201043.906:WARNING:pe_image_reader.cc(340)] could not read dos header from C:\WINDOWS\System32\KERNEL32.DLL
[1208/201043.906:ERROR:process_memory_win.cc(73)] ReadMemory at 0x7ffeae2a0000 of 64 bytes failed: Only part of a ReadProcessMemory or WriteProcessMemory request was completed. (0x12B)
[1208/201043.906:WARNING:pe_image_reader.cc(340)] could not read dos header from C:\WINDOWS\System32\KERNELBASE.dll
[1208/201043.906:ERROR:process_memory_win.cc(73)] ReadMemory at 0x7ffe9de00000 of 64 bytes failed: Only part of a ReadProcessMemory or WriteProcessMemory request was completed. (0x12B)
[1208/201043.906:WARNING:pe_image_reader.cc(340)] could not read dos header from C:\Program Files (x86)\Google\Chrome\Application\78.0.3904.108\chrome_elf.dll
[1208/201043.910:ERROR:process_memory_win.cc(73)] ReadMemory at 0x7ffea6530000 of 64 bytes failed: Only part of a ReadProcessMemory or WriteProcessMemory request was completed. (0x12B)
[1208/201043.910:WARNING:pe_image_reader.cc(340)] could not read dos header from C:\WINDOWS\SYSTEM32\VERSION.dll
[1208/201043.910:ERROR:process_memory_win.cc(73)] ReadMemory at 0x7ffeaeea0000 of 64 bytes failed: Only part of a ReadProcessMemory or WriteProcessMemory request was completed. (0x12B)
[1208/201043.910:WARNING:pe_image_reader.cc(340)] could not read dos header from C:\WINDOWS\System32\msvcrt.dll
[1208/201043.910:ERROR:process_memory_win.cc(73)] ReadMemory at 0x7ffeae1d0000 of 64 bytes failed: Only part of a ReadProcessMemory or WriteProcessMemory request was completed. (0x12B)
[1208/201043.910:WARNING:pe_image_reader.cc(340)] could not read dos header from C:\WINDOWS\System32\bcryptPrimitives.dll
[1208/201043.910:ERROR:process_memory_win.cc(73)] ReadMemory at 0x7ffeaf090000 of 64 bytes failed: Only part of a ReadProcessMemory or WriteProcessMemory request was completed. (0x12B)
[1208/201043.910:WARNING:pe_image_reader.cc(340)] could not read dos header from C:\WINDOWS\System32\ADVAPI32.dll
[1208/201043.910:ERROR:process_memory_win.cc(73)] ReadMemory at 0x7ffeaedf0000 of 64 bytes failed: Only part of a ReadProcessMemory or WriteProcessMemory request was completed. (0x12B)
[1208/201043.910:WARNING:pe_image_reader.cc(340)] could not read dos header from C:\WINDOWS\System32\sechost.dll
[1208/201043.910:ERROR:process_memory_win.cc(73)] ReadMemory at 0x7ffeb0660000 of 64 bytes failed: Only part of a ReadProcessMemory or WriteProcessMemory request was completed. (0x12B)
[1208/201043.910:WARNING:pe_image_reader.cc(340)] could not read dos header from C:\WINDOWS\System32\RPCRT4.dll
[1208/201043.910:ERROR:process_memory_win.cc(73)] ReadMemory at 0x7ffe524a0000 of 64 bytes failed: Only part of a ReadProcessMemory or WriteProcessMemory request was completed. (0x12B)
[1208/201043.910:WARNING:pe_image_reader.cc(340)] could not read dos header from C:\Program Files (x86)\Google\Chrome\Application\78.0.3904.108\chrome_child.dll
[1208/201043.910:ERROR:process_memory_win.cc(73)] ReadMemory at 0x7ffeaf740000 of 64 bytes failed: Only part of a ReadProcessMemory or WriteProcessMemory request was completed. (0x12B)
[1208/201043.910:WARNING:pe_image_reader.cc(340)] could not read dos header from C:\WINDOWS\System32\OLEAUT32.dll
[1208/201043.910:ERROR:process_memory_win.cc(73)] ReadMemory at 0x7ffeae6f0000 of 64 bytes failed: Only part of a ReadProcessMemory or WriteProcessMemory request was completed. (0x12B)
[1208/201043.910:WARNING:pe_image_reader.cc(340)] could not read dos header from C:\WINDOWS\System32\msvcp_win.dll
[1208/201043.910:ERROR:process_memory_win.cc(73)] ReadMemory at 0x7ffeae070000 of 64 bytes failed: Only part of a ReadProcessMemory or WriteProcessMemory request was completed. (0x12B)
[1208/201043.910:WARNING:pe_image_reader.cc(340)] could not read dos header from C:\WINDOWS\System32\ucrtbase.dll
[1208/201043.910:ERROR:process_memory_win.cc(73)] ReadMemory at 0x7ffeae950000 of 64 bytes failed: Only part of a ReadProcessMemory or WriteProcessMemory request was completed. (0x12B)
[1208/201043.910:WARNING:pe_image_reader.cc(340)] could not read dos header from C:\WINDOWS\System32\combase.dll
[1208/201043.910:ERROR:process_memory_win.cc(73)] ReadMemory at 0x7ffeaf140000 of 64 bytes failed: Only part of a ReadProcessMemory or WriteProcessMemory request was completed. (0x12B)
[1208/201043.910:WARNING:pe_image_reader.cc(340)] could not read dos header from C:\WINDOWS\System32\WS2_32.dll
[1208/201043.910:ERROR:process_memory_win.cc(73)] ReadMemory at 0x7ffeae170000 of 64 bytes failed: Only part of a ReadProcessMemory or WriteProcessMemory request was completed. (0x12B)
[1208/201043.910:WARNING:pe_image_reader.cc(340)] could not read dos header from C:\WINDOWS\System32\WINTRUST.dll
[1208/201043.910:ERROR:process_memory_win.cc(73)] ReadMemory at 0x7ffead730000 of 64 bytes failed: Only part of a ReadProcessMemory or WriteProcessMemory request was completed. (0x12B)
[1208/201043.910:WARNING:pe_image_reader.cc(340)] could not read dos header from C:\WINDOWS\System32\MSASN1.dll
[1208/201043.910:ERROR:process_memory_win.cc(73)] ReadMemory at 0x7ffead750000 of 64 bytes failed: Only part of a ReadProcessMemory or WriteProcessMemory request was completed. (0x12B)
[1208/201043.910:WARNING:pe_image_reader.cc(340)] could not read dos header from C:\WINDOWS\System32\CRYPT32.dll
[1208/201043.910:ERROR:process_memory_win.cc(73)] ReadMemory at 0x7ffeacbb0000 of 64 bytes failed: Only part of a ReadProcessMemory or WriteProcessMemory request was completed. (0x12B)
[1208/201043.910:WARNING:pe_image_reader.cc(340)] could not read dos header from C:\WINDOWS\SYSTEM32\IPHLPAPI.DLL
[1208/201043.910:ERROR:process_memory_win.cc(73)] ReadMemory at 0x7ffea0c10000 of 64 bytes failed: Only part of a ReadProcessMemory or WriteProcessMemory request was completed. (0x12B)
[1208/201043.910:WARNING:pe_image_reader.cc(340)] could not read dos header from C:\WINDOWS\SYSTEM32\WINMM.dll
[1208/201043.910:ERROR:process_memory_win.cc(73)] ReadMemory at 0x7ffead5b0000 of 64 bytes failed: Only part of a ReadProcessMemory or WriteProcessMemory request was completed. (0x12B)
[1208/201043.910:WARNING:pe_image_reader.cc(340)] could not read dos header from C:\WINDOWS\SYSTEM32\USERENV.dll
[1208/201043.910:ERROR:process_memory_win.cc(73)] ReadMemory at 0x7ffead710000 of 64 bytes failed: Only part of a ReadProcessMemory or WriteProcessMemory request was completed. (0x12B)
[1208/201043.910:WARNING:pe_image_reader.cc(340)] could not read dos header from C:\WINDOWS\System32\profapi.dll
[1208/201043.910:ERROR:process_memory_win.cc(73)] ReadMemory at 0x7ffe91140000 of 64 bytes failed: Only part of a ReadProcessMemory or WriteProcessMemory request was completed. (0x12B)
[1208/201043.910:WARNING:pe_image_reader.cc(340)] could not read dos header from C:\WINDOWS\SYSTEM32\DWrite.dll
[1208/201043.910:ERROR:process_memory_win.cc(73)] ReadMemory at 0x7ffe9a860000 of 64 bytes failed: Only part of a ReadProcessMemory or WriteProcessMemory request was completed. (0x12B)
[1208/201043.910:WARNING:pe_image_reader.cc(340)] could not read dos header from C:\WINDOWS\SYSTEM32\WINSPOOL.DRV
[1208/201043.914:ERROR:process_memory_win.cc(73)] ReadMemory at 0x7ffead6a0000 of 64 bytes failed: Only part of a ReadProcessMemory or WriteProcessMemory request was completed. (0x12B)
[1208/201043.914:WARNING:pe_image_reader.cc(340)] could not read dos header from C:\WINDOWS\System32\kernel.appcore.dll
[1208/201043.914:ERROR:process_memory_win.cc(73)] ReadMemory at 0x7ffeae840000 of 64 bytes failed: Only part of a ReadProcessMemory or WriteProcessMemory request was completed. (0x12B)
[1208/201043.914:WARNING:pe_image_reader.cc(340)] could not read dos header from C:\WINDOWS\System32\bcrypt.dll
[1208/201043.914:ERROR:process_memory_win.cc(73)] ReadMemory at 0x7ffea2f50000 of 64 bytes failed: Only part of a ReadProcessMemory or WriteProcessMemory request was completed. (0x12B)
[1208/201043.914:WARNING:pe_image_reader.cc(340)] could not read dos header from C:\WINDOWS\SYSTEM32\dbghelp.dll
[1208/201043.914:ERROR:process_memory_win.cc(73)] ReadMemory at 0x7ffea2380000 of 64 bytes failed: Only part of a ReadProcessMemory or WriteProcessMemory request was completed. (0x12B)
[1208/201043.914:WARNING:pe_image_reader.cc(340)] could not read dos header from C:\WINDOWS\SYSTEM32\Secur32.dll
[1208/201043.914:ERROR:process_memory_win.cc(73)] ReadMemory at 0x7ffea6400000 of 64 bytes failed: Only part of a ReadProcessMemory or WriteProcessMemory request was completed. (0x12B)
[1208/201043.914:WARNING:pe_image_reader.cc(340)] could not read dos header from C:\WINDOWS\SYSTEM32\WINHTTP.dll
[1208/201043.914:ERROR:process_memory_win.cc(73)] ReadMemory at 0x7ffea6cc0000 of 64 bytes failed: Only part of a ReadProcessMemory or WriteProcessMemory request was completed. (0x12B)
[1208/201043.914:WARNING:pe_image_reader.cc(340)] could not read dos header from C:\WINDOWS\SYSTEM32\dhcpcsvc.DLL
[1208/201043.914:ERROR:process_memory_win.cc(73)] ReadMemory at 0x7ffeaef40000 of 64 bytes failed: Only part of a ReadProcessMemory or WriteProcessMemory request was completed. (0x12B)
[1208/201043.914:WARNING:pe_image_reader.cc(340)] could not read dos header from C:\WINDOWS\System32\NSI.dll
[1208/201043.914:ERROR:process_memory_win.cc(73)] ReadMemory at 0x7ffea3b80000 of 64 bytes failed: Only part of a ReadProcessMemory or WriteProcessMemory request was completed. (0x12B)
[1208/201043.914:WARNING:pe_image_reader.cc(340)] could not read dos header from C:\WINDOWS\SYSTEM32\WINMMBASE.dll
[1208/201043.914:ERROR:process_memory_win.cc(73)] ReadMemory at 0x7ffeae250000 of 64 bytes failed: Only part of a ReadProcessMemory or WriteProcessMemory request was completed. (0x12B)
[1208/201043.914:WARNING:pe_image_reader.cc(340)] could not read dos header from C:\WINDOWS\System32\cfgmgr32.dll
[1208/201043.914:ERROR:process_memory_win.cc(73)] ReadMemory at 0x7ffea9f60000 of 64 bytes failed: Only part of a ReadProcessMemory or WriteProcessMemory request was completed. (0x12B)
[1208/201043.914:WARNING:pe_image_reader.cc(340)] could not read dos header from C:\WINDOWS\SYSTEM32\PROPSYS.dll
[1208/201043.914:ERROR:process_memory_win.cc(73)] ReadMemory at 0x28e56dd0000 of 64 bytes failed: Only part of a ReadProcessMemory or WriteProcessMemory request was completed. (0x12B)
[1208/201043.914:WARNING:pe_image_reader.cc(340)] could not read dos header from C:\WINDOWS\System32\shcore.dll
[1208/201043.914:ERROR:process_memory_win.cc(73)] ReadMemory at 0x7ffead580000 of 64 bytes failed: Only part of a ReadProcessMemory or WriteProcessMemory request was completed. (0x12B)
[1208/201043.914:WARNING:pe_image_reader.cc(340)] could not read dos header from C:\WINDOWS\SYSTEM32\SSPICLI.DLL
[1208/201043.914:ERROR:process_memory_win.cc(73)] ReadMemory at 0x7ffeafec0000 of 64 bytes failed: Only part of a ReadProcessMemory or WriteProcessMemory request was completed. (0x12B)
[1208/201043.914:WARNING:pe_image_reader.cc(340)] could not read dos header from C:\WINDOWS\System32\SHELL32.dll
[1208/201043.914:ERROR:process_memory_win.cc(73)] ReadMemory at 0x7ffead8f0000 of 64 bytes failed: Only part of a ReadProcessMemory or WriteProcessMemory request was completed. (0x12B)
[1208/201043.914:WARNING:pe_image_reader.cc(340)] could not read dos header from C:\WINDOWS\System32\windows.storage.dll
[1208/201043.914:ERROR:process_memory_win.cc(73)] ReadMemory at 0x7ffead6c0000 of 64 bytes failed: Only part of a ReadProcessMemory or WriteProcessMemory request was completed. (0x12B)
[1208/201043.918:WARNING:pe_image_reader.cc(340)] could not read dos header from C:\WINDOWS\System32\powrprof.dll
[1208/201043.918:ERROR:process_memory_win.cc(73)] ReadMemory at 0x7ffead690000 of 64 bytes failed: Only part of a ReadProcessMemory or WriteProcessMemory request was completed. (0x12B)
[1208/201043.918:WARNING:pe_image_reader.cc(340)] could not read dos header from C:\WINDOWS\System32\UMPDC.dll
[1208/201043.918:ERROR:process_memory_win.cc(73)] ReadMemory at 0x7ffeaf030000 of 64 bytes failed: Only part of a ReadProcessMemory or WriteProcessMemory request was completed. (0x12B)
[1208/201043.918:WARNING:pe_image_reader.cc(340)] could not read dos header from C:\WINDOWS\System32\shlwapi.dll
[1208/201043.918:ERROR:process_memory_win.cc(73)] ReadMemory at 0x7ffeb0630000 of 64 bytes failed: Only part of a ReadProcessMemory or WriteProcessMemory request was completed. (0x12B)
[1208/201043.918:WARNING:pe_image_reader.cc(340)] could not read dos header from C:\WINDOWS\System32\GDI32.dll
[1208/201043.918:ERROR:process_memory_win.cc(73)] ReadMemory at 0x7ffead8a0000 of 64 bytes failed: Only part of a ReadProcessMemory or WriteProcessMemory request was completed. (0x12B)
[1208/201043.918:WARNING:pe_image_reader.cc(340)] could not read dos header from C:\WINDOWS\System32\win32u.dll
[1208/201043.918:ERROR:process_memory_win.cc(73)] ReadMemory at 0x7ffeae550000 of 64 bytes failed: Only part of a ReadProcessMemory or WriteProcessMemory request was completed. (0x12B)
[1208/201043.918:WARNING:pe_image_reader.cc(340)] could not read dos header from C:\WINDOWS\System32\gdi32full.dll
[1208/201043.918:ERROR:process_memory_win.cc(73)] ReadMemory at 0x7ffeaf1b0000 of 64 bytes failed: Only part of a ReadProcessMemory or WriteProcessMemory request was completed. (0x12B)
[1208/201043.918:WARNING:pe_image_reader.cc(340)] could not read dos header from C:\WINDOWS\System32\USER32.dll
[1208/201043.918:ERROR:process_memory_win.cc(73)] ReadMemory at 0x7ffead8d0000 of 64 bytes failed: Only part of a ReadProcessMemory or WriteProcessMemory request was completed. (0x12B)
[1208/201043.918:WARNING:pe_image_reader.cc(340)] could not read dos header from C:\WINDOWS\System32\cryptsp.dll
[1208/201043.918:ERROR:process_memory_win.cc(73)] ReadMemory at 0x7ffeaef50000 of 64 bytes failed: Only part of a ReadProcessMemory or WriteProcessMemory request was completed. (0x12B)
[1208/201043.918:WARNING:pe_image_reader.cc(340)] could not read dos header from C:\WINDOWS\System32\IMM32.DLL
[1208/201043.918:ERROR:process_memory_win.cc(73)] ReadMemory at 0x7ffead070000 of 64 bytes failed: Only part of a ReadProcessMemory or WriteProcessMemory request was completed. (0x12B)
[1208/201043.918:WARNING:pe_image_reader.cc(340)] could not read dos header from C:\WINDOWS\SYSTEM32\CRYPTBASE.DLL
[1208/201043.954:ERROR:process_memory_win.cc(73)] ReadMemory at 0xb148beb000 of 86016 bytes failed: Only part of a ReadProcessMemory or WriteProcessMemory request was completed. (0x12B)
[1208/201043.954:ERROR:process_memory_win.cc(73)] ReadMemory at 0xb1493fd000 of 12288 bytes failed: Only part of a ReadProcessMemory or WriteProcessMemory request was completed. (0x12B)
[1208/201043.954:ERROR:process_memory_win.cc(73)] ReadMemory at 0xb14a3fc000 of 16384 bytes failed: Only part of a ReadProcessMemory or WriteProcessMemory request was completed. (0x12B)
[1208/201043.954:ERROR:process_memory_win.cc(73)] ReadMemory at 0xb14abfc000 of 16384 bytes failed: Only part of a ReadProcessMemory or WriteProcessMemory request was completed. (0x12B)
[1208/201043.954:ERROR:process_memory_win.cc(73)] ReadMemory at 0xb14b3ff000 of 4096 bytes failed: Only part of a ReadProcessMemory or WriteProcessMemory request was completed. (0x12B)
[1208/201043.954:ERROR:process_memory_win.cc(73)] ReadMemory at 0xb14bbfd000 of 12288 bytes failed: Only part of a ReadProcessMemory or WriteProcessMemory request was completed. (0x12B)
[1208/201043.954:ERROR:process_memory_win.cc(73)] ReadMemory at 0xb1482d2000 of 852 bytes failed: Only part of a ReadProcessMemory or WriteProcessMemory request was completed. (0x12B)
[1208/201043.954:ERROR:process_memory_win.cc(73)] ReadMemory at 0xb1482d3000 of 6024 bytes failed: Only part of a ReadProcessMemory or WriteProcessMemory request was completed. (0x12B)
[1208/201043.954:ERROR:process_memory_win.cc(73)] ReadMemory at 0xb1482d5000 of 6024 bytes failed: Only part of a ReadProcessMemory or WriteProcessMemory request was completed. (0x12B)
[1208/201043.954:ERROR:process_memory_win.cc(73)] ReadMemory at 0xb1482d9000 of 6024 bytes failed: Only part of a ReadProcessMemory or WriteProcessMemory request was completed. (0x12B)
[1208/201043.954:ERROR:process_memory_win.cc(73)] ReadMemory at 0xb1482db000 of 6024 bytes failed: Only part of a ReadProcessMemory or WriteProcessMemory request was completed. (0x12B)
[1208/201043.954:ERROR:process_memory_win.cc(73)] ReadMemory at 0xb1482dd000 of 6024 bytes failed: Only part of a ReadProcessMemory or WriteProcessMemory request was completed. (0x12B)
[1208/201043.954:ERROR:process_memory_win.cc(73)] ReadMemory at 0xb1482df000 of 6024 bytes failed: Only part of a ReadProcessMemory or WriteProcessMemory request was completed. (0x12B)
[1208/201043.954:ERROR:process_memory_win.cc(73)] ReadMemory at 0x28e56a045e8 of 118 bytes failed: Only part of a ReadProcessMemory or WriteProcessMemory request was completed. (0x12B)
[1208/201043.954:ERROR:process_memory_win.cc(73)] ReadMemory at 0x28e56a04c70 of 58 bytes failed: Only part of a ReadProcessMemory or WriteProcessMemory request was completed. (0x12B)
[1208/201043.954:ERROR:process_memory_win.cc(73)] ReadMemory at 0x28e56a04d70 of 132 bytes failed: Only part of a ReadProcessMemory or WriteProcessMemory request was completed. (0x12B)
[1208/201043.954:ERROR:process_memory_win.cc(73)] ReadMemory at 0x28e56a04f00 of 132 bytes failed: Only part of a ReadProcessMemory or WriteProcessMemory request was completed. (0x12B)
[1208/201043.954:ERROR:process_memory_win.cc(73)] ReadMemory at 0x28e56a054a0 of 132 bytes failed: Only part of a ReadProcessMemory or WriteProcessMemory request was completed. (0x12B)
[1208/201043.954:ERROR:process_memory_win.cc(73)] ReadMemory at 0x28e56a05630 of 64 bytes failed: Only part of a ReadProcessMemory or WriteProcessMemory request was completed. (0x12B)
[1208/201043.954:ERROR:process_memory_win.cc(73)] ReadMemory at 0x28e56a05760 of 132 bytes failed: Only part of a ReadProcessMemory or WriteProcessMemory request was completed. (0x12B)
[1208/201043.958:ERROR:process_memory_win.cc(73)] ReadMemory at 0x28e56a05a90 of 132 bytes failed: Only part of a ReadProcessMemory or WriteProcessMemory request was completed. (0x12B)
[1208/201043.958:ERROR:process_memory_win.cc(73)] ReadMemory at 0x28e56a05c20 of 68 bytes failed: Only part of a ReadProcessMemory or WriteProcessMemory request was completed. (0x12B)
[1208/201043.958:ERROR:process_memory_win.cc(73)] ReadMemory at 0x28e56a06d20 of 132 bytes failed: Only part of a ReadProcessMemory or WriteProcessMemory request was completed. (0x12B)
[1208/201043.958:ERROR:process_memory_win.cc(73)] ReadMemory at 0x28e56a06e90 of 132 bytes failed: Only part of a ReadProcessMemory or WriteProcessMemory request was completed. (0x12B)
[1208/201043.958:ERROR:process_memory_win.cc(73)] ReadMemory at 0x28e56a06fd0 of 154 bytes failed: Only part of a ReadProcessMemory or WriteProcessMemory request was completed. (0x12B)
[1208/201043.958:ERROR:process_memory_win.cc(73)] ReadMemory at 0x28e56a07c1c of 512 bytes failed: Only part of a ReadProcessMemory or WriteProcessMemory request was completed. (0x12B)
[1208/201043.958:ERROR:process_memory_win.cc(73)] ReadMemory at 0x28e56a08840 of 132 bytes failed: Only part of a ReadProcessMemory or WriteProcessMemory request was completed. (0x12B)
[1208/201043.958:ERROR:process_memory_win.cc(73)] ReadMemory at 0x28e56a099e0 of 62 bytes failed: Only part of a ReadProcessMemory or WriteProcessMemory request was completed. (0x12B)
[1208/201043.958:ERROR:process_memory_win.cc(73)] ReadMemory at 0x28e56a09a30 of 158 bytes failed: Only part of a ReadProcessMemory or WriteProcessMemory request was completed. (0x12B)
[1208/201043.958:ERROR:process_memory_win.cc(73)] ReadMemory at 0x28e56a09b10 of 132 bytes failed: Only part of a ReadProcessMemory or WriteProcessMemory request was completed. (0x12B)
[1208/201043.958:ERROR:process_memory_win.cc(73)] ReadMemory at 0x28e56a09ca0 of 60 bytes failed: Only part of a ReadProcessMemory or WriteProcessMemory request was completed. (0x12B)
[1208/201043.958:ERROR:process_memory_win.cc(73)] ReadMemory at 0x28e56a0bd70 of 132 bytes failed: Only part of a ReadProcessMemory or WriteProcessMemory request was completed. (0x12B)
[1208/201043.958:ERROR:process_memory_win.cc(73)] ReadMemory at 0x28e56a0bf80 of 132 bytes failed: Only part of a ReadProcessMemory or WriteProcessMemory request was completed. (0x12B)
[1208/201043.958:ERROR:process_memory_win.cc(73)] ReadMemory at 0x28e56a0cbe0 of 132 bytes failed: Only part of a ReadProcessMemory or WriteProcessMemory request was completed. (0x12B)
[1208/201043.958:ERROR:process_memory_win.cc(73)] ReadMemory at 0x28e56a0ce80 of 132 bytes failed: Only part of a ReadProcessMemory or WriteProcessMemory request was completed. (0x12B)
[1208/201043.958:ERROR:process_memory_win.cc(73)] ReadMemory at 0x28e56a0d010 of 80 bytes failed: Only part of a ReadProcessMemory or WriteProcessMemory request was completed. (0x12B)
[1208/201043.958:ERROR:process_memory_win.cc(73)] ReadMemory at 0x28e56a0d270 of 62 bytes failed: Only part of a ReadProcessMemory or WriteProcessMemory request was completed. (0x12B)
[1208/201043.958:ERROR:process_memory_win.cc(73)] ReadMemory at 0x28e56a0d2c0 of 60 bytes failed: Only part of a ReadProcessMemory or WriteProcessMemory request was completed. (0x12B)
[1208/201043.958:ERROR:process_memory_win.cc(73)] ReadMemory at 0x28e56a0d310 of 64 bytes failed: Only part of a ReadProcessMemory or WriteProcessMemory request was completed. (0x12B)
[1208/201043.958:ERROR:process_memory_win.cc(73)] ReadMemory at 0x28e56a0d360 of 64 bytes failed: Only part of a ReadProcessMemory or WriteProcessMemory request was completed. (0x12B)
[1208/201043.958:ERROR:process_memory_win.cc(73)] ReadMemory at 0x28e56a0d4a0 of 64 bytes failed: Only part of a ReadProcessMemory or WriteProcessMemory request was completed. (0x12B)
[1208/201043.958:ERROR:process_memory_win.cc(73)] ReadMemory at 0x28e56a0d540 of 66 bytes failed: Only part of a ReadProcessMemory or WriteProcessMemory request was completed. (0x12B)
[1208/201043.958:ERROR:process_memory_win.cc(73)] ReadMemory at 0x28e56a0d590 of 64 bytes failed: Only part of a ReadProcessMemory or WriteProcessMemory request was completed. (0x12B)
[1208/201043.958:ERROR:process_memory_win.cc(73)] ReadMemory at 0x28e56a0d5e0 of 60 bytes failed: Only part of a ReadProcessMemory or WriteProcessMemory request was completed. (0x12B)
[1208/201043.958:ERROR:process_memory_win.cc(73)] ReadMemory at 0x28e56a0d860 of 62 bytes failed: Only part of a ReadProcessMemory or WriteProcessMemory request was completed. (0x12B)
[1208/201043.958:ERROR:process_memory_win.cc(73)] ReadMemory at 0x28e56a0d940 of 132 bytes failed: Only part of a ReadProcessMemory or WriteProcessMemory request was completed. (0x12B)
[1208/201043.958:ERROR:process_memory_win.cc(73)] ReadMemory at 0x28e56a0da70 of 132 bytes failed: Only part of a ReadProcessMemory or WriteProcessMemory request was completed. (0x12B)
[1208/201043.958:ERROR:process_memory_win.cc(73)] ReadMemory at 0x28e56a0dcd0 of 132 bytes failed: Only part of a ReadProcessMemory or WriteProcessMemory request was completed. (0x12B)
[1208/201043.958:ERROR:process_memory_win.cc(73)] ReadMemory at 0x28e56a0de00 of 132 bytes failed: Only part of a ReadProcessMemory or WriteProcessMemory request was completed. (0x12B)
[1208/201043.958:ERROR:process_memory_win.cc(73)] ReadMemory at 0x28e56a0df30 of 132 bytes failed: Only part of a ReadProcessMemory or WriteProcessMemory request was completed. (0x12B)
[1208/201043.958:ERROR:process_memory_win.cc(73)] ReadMemory at 0x28e56a0e060 of 132 bytes failed: Only part of a ReadProcessMemory or WriteProcessMemory request was completed. (0x12B)
[1208/201043.958:ERROR:process_memory_win.cc(73)] ReadMemory at 0x28e56a0e190 of 132 bytes failed: Only part of a ReadProcessMemory or WriteProcessMemory request was completed. (0x12B)
[1208/201043.958:ERROR:process_memory_win.cc(73)] ReadMemory at 0x28e56a0e2c0 of 132 bytes failed: Only part of a ReadProcessMemory or WriteProcessMemory request was completed. (0x12B)
[1208/201043.958:ERROR:process_memory_win.cc(73)] ReadMemory at 0x28e56a0e3f0 of 132 bytes failed: Only part of a ReadProcessMemory or WriteProcessMemory request was completed. (0x12B)
[1208/201043.958:ERROR:process_memory_win.cc(73)] ReadMemory at 0x28e56a0e520 of 132 bytes failed: Only part of a ReadProcessMemory or WriteProcessMemory request was completed. (0x12B)
[1208/201043.958:ERROR:process_memory_win.cc(73)] ReadMemory at 0x28e56a0e650 of 132 bytes failed: Only part of a ReadProcessMemory or WriteProcessMemory request was completed. (0x12B)
[1208/201043.958:ERROR:process_memory_win.cc(73)] ReadMemory at 0x28e56a0e780 of 132 bytes failed: Only part of a ReadProcessMemory or WriteProcessMemory request was completed. (0x12B)
[1208/201043.958:ERROR:process_memory_win.cc(73)] ReadMemory at 0x28e56a0eb30 of 78 bytes failed: Only part of a ReadProcessMemory or WriteProcessMemory request was completed. (0x12B)
[1208/201043.958:ERROR:process_memory_win.cc(73)] ReadMemory at 0x28e56a0f6d0 of 76 bytes failed: Only part of a ReadProcessMemory or WriteProcessMemory request was completed. (0x12B)
[1208/201043.958:ERROR:process_memory_win.cc(73)] ReadMemory at 0x28e56a133b0 of 54 bytes failed: Only part of a ReadProcessMemory or WriteProcessMemory request was completed. (0x12B)
[1208/201043.958:ERROR:process_memory_win.cc(73)] ReadMemory at 0x28e56a13740 of 132 bytes failed: Only part of a ReadProcessMemory or WriteProcessMemory request was completed. (0x12B)
[1208/201043.958:ERROR:process_memory_win.cc(73)] ReadMemory at 0x28e56a13e80 of 132 bytes failed: Only part of a ReadProcessMemory or WriteProcessMemory request was completed. (0x12B)
[1208/201043.958:ERROR:process_memory_win.cc(73)] ReadMemory at 0x28e56a16080 of 132 bytes failed: Only part of a ReadProcessMemory or WriteProcessMemory request was completed. (0x12B)
[1208/201043.958:ERROR:process_memory_win.cc(73)] ReadMemory at 0x28e56a16430 of 132 bytes failed: Only part of a ReadProcessMemory or WriteProcessMemory request was completed. (0x12B)
[1208/201043.962:ERROR:process_memory_win.cc(73)] ReadMemory at 0x28e56a18340 of 64 bytes failed: Only part of a ReadProcessMemory or WriteProcessMemory request was completed. (0x12B)
[1208/201043.962:ERROR:process_memory_win.cc(73)] ReadMemory at 0x28e56a18570 of 64 bytes failed: Only part of a ReadProcessMemory or WriteProcessMemory request was completed. (0x12B)
[1208/201043.962:ERROR:process_memory_win.cc(73)] ReadMemory at 0x28e56a186b0 of 60 bytes failed: Only part of a ReadProcessMemory or WriteProcessMemory request was completed. (0x12B)
[1208/201043.962:ERROR:process_memory_win.cc(73)] ReadMemory at 0x28e56a18700 of 64 bytes failed: Only part of a ReadProcessMemory or WriteProcessMemory request was completed. (0x12B)
[1208/201043.962:ERROR:process_memory_win.cc(73)] ReadMemory at 0x28e56a188e0 of 62 bytes failed: Only part of a ReadProcessMemory or WriteProcessMemory request was completed. (0x12B)
[1208/201043.962:ERROR:process_memory_win.cc(73)] ReadMemory at 0x28e56a18a20 of 62 bytes failed: Only part of a ReadProcessMemory or WriteProcessMemory request was completed. (0x12B)
[1208/201043.962:ERROR:process_memory_win.cc(73)] ReadMemory at 0x28e56a18a70 of 58 bytes failed: Only part of a ReadProcessMemory or WriteProcessMemory request was completed. (0x12B)
[1208/201043.962:ERROR:process_memory_win.cc(73)] ReadMemory at 0x28e56a18ac0 of 62 bytes failed: Only part of a ReadProcessMemory or WriteProcessMemory request was completed. (0x12B)
[1208/201043.962:ERROR:process_memory_win.cc(73)] ReadMemory at 0x28e56a18b60 of 62 bytes failed: Only part of a ReadProcessMemory or WriteProcessMemory request was completed. (0x12B)
[1208/201043.962:ERROR:process_memory_win.cc(73)] ReadMemory at 0x28e56a18f20 of 62 bytes failed: Only part of a ReadProcessMemory or WriteProcessMemory request was completed. (0x12B)
[1208/201043.962:ERROR:process_memory_win.cc(73)] ReadMemory at 0x28e56a18f70 of 60 bytes failed: Only part of a ReadProcessMemory or WriteProcessMemory request was completed. (0x12B)
[1208/201043.962:ERROR:process_memory_win.cc(73)] ReadMemory at 0x28e56a18fc0 of 60 bytes failed: Only part of a ReadProcessMemory or WriteProcessMemory request was completed. (0x12B)
[1208/201043.962:ERROR:process_memory_win.cc(73)] ReadMemory at 0x28e56a19010 of 62 bytes failed: Only part of a ReadProcessMemory or WriteProcessMemory request was completed. (0x12B)
[1208/201043.962:ERROR:process_memory_win.cc(73)] ReadMemory at 0x28e56a190b0 of 64 bytes failed: Only part of a ReadProcessMemory or WriteProcessMemory request was completed. (0x12B)
[1208/201043.962:ERROR:process_memory_win.cc(73)] ReadMemory at 0x28e56a19100 of 60 bytes failed: Only part of a ReadProcessMemory or WriteProcessMemory request was completed. (0x12B)
[1208/201043.962:ERROR:process_memory_win.cc(73)] ReadMemory at 0x28e56a19150 of 62 bytes failed: Only part of a ReadProcessMemory or WriteProcessMemory request was completed. (0x12B)
[1208/201043.962:ERROR:process_memory_win.cc(73)] ReadMemory at 0x28e56a191f0 of 62 bytes failed: Only part of a ReadProcessMemory or WriteProcessMemory request was completed. (0x12B)
[1208/201043.962:ERROR:process_memory_win.cc(73)] ReadMemory at 0x28e56a19290 of 66 bytes failed: Only part of a ReadProcessMemory or WriteProcessMemory request was completed. (0x12B)
[1208/201043.962:ERROR:process_memory_win.cc(73)] ReadMemory at 0x28e56a1af80 of 132 bytes failed: Only part of a ReadProcessMemory or WriteProcessMemory request was completed. (0x12B)
[1208/201043.962:ERROR:process_memory_win.cc(73)] ReadMemory at 0x28e56a1b0b0 of 132 bytes failed: Only part of a ReadProcessMemory or WriteProcessMemory request was completed. (0x12B)
[1208/201043.962:ERROR:process_memory_win.cc(73)] ReadMemory at 0x28e56a1b1e0 of 132 bytes failed: Only part of a ReadProcessMemory or WriteProcessMemory request was completed. (0x12B)
[1208/201043.962:ERROR:process_memory_win.cc(73)] ReadMemory at 0x28e56a1b310 of 132 bytes failed: Only part of a ReadProcessMemory or WriteProcessMemory request was completed. (0x12B)
[1208/201043.962:ERROR:process_memory_win.cc(73)] ReadMemory at 0x28e56a1b440 of 132 bytes failed: Only part of a ReadProcessMemory or WriteProcessMemory request was completed. (0x12B)
[1208/201043.962:ERROR:process_memory_win.cc(73)] ReadMemory at 0x28e56a1b570 of 132 bytes failed: Only part of a ReadProcessMemory or WriteProcessMemory request was completed. (0x12B)
[1208/201043.962:ERROR:process_memory_win.cc(73)] ReadMemory at 0x28e56a1b6a0 of 132 bytes failed: Only part of a ReadProcessMemory or WriteProcessMemory request was completed. (0x12B)
[1208/201043.962:ERROR:process_memory_win.cc(73)] ReadMemory at 0x28e56a1b7d0 of 132 bytes failed: Only part of a ReadProcessMemory or WriteProcessMemory request was completed. (0x12B)
[1208/201043.970:ERROR:process_memory_win.cc(73)] ReadMemory at 0x28e56a1b900 of 132 bytes failed: Only part of a ReadProcessMemory or WriteProcessMemory request was completed. (0x12B)
[1208/201043.970:ERROR:process_memory_win.cc(73)] ReadMemory at 0x28e56a1bc90 of 132 bytes failed: Only part of a ReadProcessMemory or WriteProcessMemory request was completed. (0x12B)
[1208/201043.970:ERROR:process_memory_win.cc(73)] ReadMemory at 0x28e56a1bdc0 of 132 bytes failed: Only part of a ReadProcessMemory or WriteProcessMemory request was completed. (0x12B)
[1208/201043.970:ERROR:process_memory_win.cc(73)] ReadMemory at 0x28e56a1bef0 of 132 bytes failed: Only part of a ReadProcessMemory or WriteProcessMemory request was completed. (0x12B)
[1208/201043.970:ERROR:process_memory_win.cc(73)] ReadMemory at 0x28e56a1c020 of 132 bytes failed: Only part of a ReadProcessMemory or WriteProcessMemory request was completed. (0x12B)
[1208/201043.970:ERROR:process_memory_win.cc(73)] ReadMemory at 0x28e56a1c150 of 132 bytes failed: Only part of a ReadProcessMemory or WriteProcessMemory request was completed. (0x12B)
[1208/201043.970:ERROR:process_memory_win.cc(73)] ReadMemory at 0x28e56a1c280 of 132 bytes failed: Only part of a ReadProcessMemory or WriteProcessMemory request was completed. (0x12B)
[1208/201043.974:ERROR:process_memory_win.cc(73)] ReadMemory at 0x28e56a1c3b0 of 132 bytes failed: Only part of a ReadProcessMemory or WriteProcessMemory request was completed. (0x12B)
[1208/201043.974:ERROR:process_memory_win.cc(73)] ReadMemory at 0x28e56a1c4e0 of 132 bytes failed: Only part of a ReadProcessMemory or WriteProcessMemory request was completed. (0x12B)
[1208/201043.974:ERROR:process_memory_win.cc(73)] ReadMemory at 0x28e56a1cad0 of 132 bytes failed: Only part of a ReadProcessMemory or WriteProcessMemory request was completed. (0x12B)
[1208/201043.974:ERROR:process_memory_win.cc(73)] ReadMemory at 0x28e56a1cc00 of 132 bytes failed: Only part of a ReadProcessMemory or WriteProcessMemory request was completed. (0x12B)
[1208/201043.974:ERROR:process_memory_win.cc(73)] ReadMemory at 0x28e56a1cd30 of 132 bytes failed: Only part of a ReadProcessMemory or WriteProcessMemory request was completed. (0x12B)
[1208/201043.974:ERROR:process_memory_win.cc(73)] ReadMemory at 0x28e56a2e430 of 62 bytes failed: Only part of a ReadProcessMemory or WriteProcessMemory request was completed. (0x12B)
[1208/201043.974:ERROR:process_memory_win.cc(73)] ReadMemory at 0x28e56a2e4d0 of 58 bytes failed: Only part of a ReadProcessMemory or WriteProcessMemory request was completed. (0x12B)
[1208/201043.974:ERROR:process_memory_win.cc(73)] ReadMemory at 0x28e56a2e5c0 of 60 bytes failed: Only part of a ReadProcessMemory or WriteProcessMemory request was completed. (0x12B)
[1208/201043.974:ERROR:process_memory_win.cc(73)] ReadMemory at 0x28e56a2e700 of 58 bytes failed: Only part of a ReadProcessMemory or WriteProcessMemory request was completed. (0x12B)
[1208/201043.974:ERROR:process_memory_win.cc(73)] ReadMemory at 0x28e56a2e980 of 58 bytes failed: Only part of a ReadProcessMemory or WriteProcessMemory request was completed. (0x12B)
[1208/201043.974:ERROR:process_memory_win.cc(73)] ReadMemory at 0x28e56a2ea20 of 62 bytes failed: Only part of a ReadProcessMemory or WriteProcessMemory request was completed. (0x12B)
[1208/201043.974:ERROR:process_memory_win.cc(73)] ReadMemory at 0x28e56a2eb60 of 64 bytes failed: Only part of a ReadProcessMemory or WriteProcessMemory request was completed. (0x12B)
[1208/201043.974:ERROR:process_memory_win.cc(73)] ReadMemory at 0x28e56a2ed40 of 62 bytes failed: Only part of a ReadProcessMemory or WriteProcessMemory request was completed. (0x12B)
[1208/201043.974:ERROR:process_memory_win.cc(73)] ReadMemory at 0x28e56a2ee30 of 66 bytes failed: Only part of a ReadProcessMemory or WriteProcessMemory request was completed. (0x12B)
[1208/201043.974:ERROR:process_memory_win.cc(73)] ReadMemory at 0x28e56a2f100 of 60 bytes failed: Only part of a ReadProcessMemory or WriteProcessMemory request was completed. (0x12B)
[1208/201043.974:ERROR:process_memory_win.cc(73)] ReadMemory at 0x28e56a36d20 of 512 bytes failed: Only part of a ReadProcessMemory or WriteProcessMemory request was completed. (0x12B)
[1208/201043.974:ERROR:process_memory_win.cc(73)] ReadMemory at 0x28e56a3bd00 of 512 bytes failed: Only part of a ReadProcessMemory or WriteProcessMemory request was completed. (0x12B)
[1208/201043.974:ERROR:process_memory_win.cc(73)] ReadMemory at 0x28e56a3bf50 of 512 bytes failed: Only part of a ReadProcessMemory or WriteProcessMemory request was completed. (0x12B)
[1208/201043.974:ERROR:process_memory_win.cc(73)] ReadMemory at 0x28e56c40000 of 384 bytes failed: Only part of a ReadProcessMemory or WriteProcessMemory request was completed. (0x12B)
[1208/201043.974:ERROR:process_memory_win.cc(73)] ReadMemory at 0x28e56eb5ff0 of 512 bytes failed: Only part of a ReadProcessMemory or WriteProcessMemory request was completed. (0x12B)
[1208/201043.974:ERROR:process_memory_win.cc(73)] ReadMemory at 0x28e56eb9080 of 512 bytes failed: Only part of a ReadProcessMemory or WriteProcessMemory request was completed. (0x12B)
[1208/201043.974:ERROR:process_memory_win.cc(73)] ReadMemory at 0x28e56fc02a0 of 512 bytes failed: Only part of a ReadProcessMemory or WriteProcessMemory request was completed. (0x12B)
[1208/201043.974:ERROR:process_memory_win.cc(73)] ReadMemory at 0x28e58ffe9c0 of 512 bytes failed: Only part of a ReadProcessMemory or WriteProcessMemory request was completed. (0x12B)
[1208/201043.974:ERROR:process_memory_win.cc(73)] ReadMemory at 0x28e5a9e4fe0 of 512 bytes failed: Only part of a ReadProcessMemory or WriteProcessMemory request was completed. (0x12B)
[1208/201043.974:ERROR:process_memory_win.cc(73)] ReadMemory at 0x7ffeae2da7b9 of 512 bytes failed: Only part of a ReadProcessMemory or WriteProcessMemory request was completed. (0x12B)
[1208/201043.974:ERROR:process_memory_win.cc(73)] ReadMemory at 0x7ffeae50b6d0 of 512 bytes failed: Only part of a ReadProcessMemory or WriteProcessMemory request was completed. (0x12B)
[1208/201043.978:ERROR:process_memory_win.cc(73)] ReadMemory at 0x7ffeb07fb997 of 512 bytes failed: Only part of a ReadProcessMemory or WriteProcessMemory request was completed. (0x12B)
[1208/201043.978:ERROR:process_memory_win.cc(73)] ReadMemory at 0x7ffeb085c0c4 of 672 bytes failed: Only part of a ReadProcessMemory or WriteProcessMemory request was completed. (0x12B)
[1208/201043.978:ERROR:process_memory_win.cc(73)] ReadMemory at 0x7ffeb085c6c4 of 512 bytes failed: Only part of a ReadProcessMemory or WriteProcessMemory request was completed. (0x12B)
[1208/201043.978:ERROR:process_memory_win.cc(73)] ReadMemory at 0x7ffeb085f9d4 of 512 bytes failed: Only part of a ReadProcessMemory or WriteProcessMemory request was completed. (0x12B)
[1208/201043.978:ERROR:process_memory_win.cc(73)] ReadMemory at 0x7ffeb08ec428 of 18 bytes failed: Only part of a ReadProcessMemory or WriteProcessMemory request was completed. (0x12B)
[1208/201043.978:ERROR:process_memory_win.cc(73)] ReadMemory at 0x7ffeb09253c0 of 64 bytes failed: Only part of a ReadProcessMemory or WriteProcessMemory request was completed. (0x12B)
[1208/201043.982:ERROR:scoped_process_suspend.cc(40)] NtResumeProcess: An attempt was made to access an exiting process. (0xc000010a)
[1209/001636.405:ERROR:process_reader_win.cc(123)] NtOpenThread: {Access Denied} A process has requested access to an object, but has not been granted those access rights. (0xc0000022)
[1209/001636.406:ERROR:exception_snapshot_win.cc(98)] thread ID 7844 not found in process
[1209/195148.915:ERROR:process_reader_win.cc(151)] SuspendThread: Access is denied. (0x5)
[1209/195148.918:ERROR:process_reader_win.cc(123)] NtOpenThread: {Access Denied} A process has requested access to an object, but has not been granted those access rights. (0xc0000022)
[1209/195148.918:ERROR:exception_snapshot_win.cc(98)] thread ID 18296 not found in process
[1209/195148.916:ERROR:process_reader_win.cc(123)] NtOpenThread: {Access Denied} A process has requested access to an object, but has not been granted those access rights. (0xc0000022)
[1209/195148.918:ERROR:exception_snapshot_win.cc(98)] thread ID 1164 not found in process
[1209/195318.788:ERROR:process_reader_win.cc(123)] NtOpenThread: {Access Denied} A process has requested access to an object, but has not been granted those access rights. (0xc0000022)
[1209/195318.789:ERROR:exception_snapshot_win.cc(98)] thread ID 7500 not found in process
[1209/202725.014:ERROR:process_reader_win.cc(123)] NtOpenThread: {Access Denied} A process has requested access to an object, but has not been granted those access rights. (0xc0000022)
[1209/202725.016:ERROR:exception_snapshot_win.cc(98)] thread ID 17380 not found in process
[1209/203322.677:ERROR:process_reader_win.cc(123)] NtOpenThread: {Access Denied} A process has requested access to an object, but has not been granted those access rights. (0xc0000022)
[1209/203322.678:ERROR:exception_snapshot_win.cc(98)] thread ID 15532 not found in process
[1210/112124.125:ERROR:process_reader_win.cc(123)] NtOpenThread: {Access Denied} A process has requested access to an object, but has not been granted those access rights. (0xc0000022)
[1210/112124.129:ERROR:exception_snapshot_win.cc(98)] thread ID 16364 not found in process
